<?xml version="1.0" encoding="UTF-8"?>
<!-- Generated by org.testng.reporters.JUnitXMLReporter -->
<testsuite hostname="MacBook-Pro-Mark.local" ignored="0" name="AlertsTests" tests="3" failures="1" timestamp="2019-07-01T15:38:37 EEST" time="27.546" errors="0">
  <testcase name="jsAlertTest" time="5.56" classname="com.herokuapp.theinternet.alertstests.AlertsTests"/>
  <testcase name="jsDismissTest" time="6.473" classname="com.herokuapp.theinternet.alertstests.AlertsTests"/>
  <testcase name="jsPromptTest" time="6.161" classname="com.herokuapp.theinternet.alertstests.AlertsTests">
    <failure type="java.lang.AssertionError" message="The following asserts failed:
	Alert message is not expected. 
Should be &amp;apos;I am a JS prompt&amp;apos;, but it is &amp;apos;I am a JS prompt[FAIL]&amp;apos; did not expect to find [true] but found [false],
	result is not expected. 
Should be &amp;apos;You entered: Hello Alert, its Dmitry here&amp;apos;, but it is &amp;apos;You entered: Hello Alert, it&amp;apos;s Dmitry here[FAIL]&amp;apos; did not expect to find [true] but found [false]">
      <![CDATA[java.lang.AssertionError: The following asserts failed:
Alert message is not expected. 
Should be 'I am a JS prompt', but it is 'I am a JS prompt[FAIL]' did not expect to find [true] but found [false],
result is not expected. 
Should be 'You entered: Hello Alert, its Dmitry here', but it is 'You entered: Hello Alert, it's Dmitry here[FAIL]' did not expect to find [true] but found [false]
at com.herokuapp.theinternet.alertstests.AlertsTests.jsPromptTest(AlertsTests.java:113)
at java.util.concurrent.FutureTask.run(FutureTask.java:266)
at java.util.concurrent.ThreadPoolExecutor.runWorker(ThreadPoolExecutor.java:1149)
at java.util.concurrent.ThreadPoolExecutor$Worker.run(ThreadPoolExecutor.java:624)
at java.lang.Thread.run(Thread.java:748)
... Removed 19 stack frames]]>
    </failure>
  </testcase> <!-- jsPromptTest -->
</testsuite> <!-- AlertsTests -->
