<?xml version="1.0" encoding="UTF-8"?>
<!-- Generated by org.testng.reporters.JUnitXMLReporter -->
<testsuite hostname="MacBook-Pro-Mark.local" ignored="0" name="AlertsTests" tests="3" failures="1" timestamp="2019-07-01T15:19:21 EEST" time="18.929" errors="0">
  <testcase name="jsAlertTest" time="4.687" classname="com.herokuapp.theinternet.alertstests.AlertsTests"/>
  <testcase name="jsDismissTest" time="4.108" classname="com.herokuapp.theinternet.alertstests.AlertsTests"/>
  <testcase name="jsPromptTest" time="6.159" classname="com.herokuapp.theinternet.alertstests.AlertsTests">
    <failure type="java.lang.AssertionError" message="The following asserts failed:
	Alert message is not expected. 
Should be &amp;apos;I am a JS prompt&amp;apos;, but it is &amp;apos;I am a JS prompt[FAIL]&amp;apos; did not expect to find [true] but found [false],
	result is not expected. 
Should be &amp;apos;You entered: Hello Alert, its Dmitry here&amp;apos;, but it is &amp;apos;You entered: Hello Alert, it&amp;apos;s Dmitry here[FAIL]&amp;apos; did not expect to find [true] but found [false]">
      <![CDATA[java.lang.AssertionError: The following asserts failed:
Alert message is not expected. 
Should be 'I am a JS prompt', but it is 'I am a JS prompt[FAIL]' did not expect to find [true] but found [false],
result is not expected. 
Should be 'You entered: Hello Alert, its Dmitry here', but it is 'You entered: Hello Alert, it's Dmitry here[FAIL]' did not expect to find [true] but found [false]
at com.herokuapp.theinternet.alertstests.AlertsTests.jsPromptTest(AlertsTests.java:113)
... Removed 32 stack frames]]>
    </failure>
  </testcase> <!-- jsPromptTest -->
</testsuite> <!-- AlertsTests -->
