<?xml version="1.0" encoding="UTF-8"?>
<testsuite xmlns:xsi="http://www.w3.org/2001/XMLSchema-instance" xsi:noNamespaceSchemaLocation="https://maven.apache.org/surefire/maven-surefire-plugin/xsd/surefire-test-report.xsd" name="TestSuite" time="60.923" tests="25" errors="0" skipped="0" failures="1">
  <properties>
    <property name="gopherProxySet" value="false"/>
    <property name="awt.toolkit" value="sun.lwawt.macosx.LWCToolkit"/>
    <property name="surefire.suiteXmlFiles" value="src/test/resources/TestSuites/FullUITestSuite.xml"/>
    <property name="file.encoding.pkg" value="sun.io"/>
    <property name="java.specification.version" value="1.8"/>
    <property name="sun.cpu.isalist" value=""/>
    <property name="sun.jnu.encoding" value="UTF-8"/>
    <property name="java.class.path" value="/Users/mark/Desktop/advanced-selenium-webdriver-master/PART-6/Lecture-49/advanced-selenium-webdriver/target/test-classes:/Users/mark/Desktop/advanced-selenium-webdriver-master/PART-6/Lecture-49/advanced-selenium-webdriver/target/classes:/Users/mark/.m2/repository/org/testng/testng/7.0.0-beta3/testng-7.0.0-beta3.jar:/Users/mark/.m2/repository/com/beust/jcommander/1.72/jcommander-1.72.jar:/Users/mark/.m2/repository/org/seleniumhq/selenium/selenium-java/3.14.0/selenium-java-3.14.0.jar:/Users/mark/.m2/repository/org/seleniumhq/selenium/selenium-api/3.14.0/selenium-api-3.14.0.jar:/Users/mark/.m2/repository/org/seleniumhq/selenium/selenium-chrome-driver/3.14.0/selenium-chrome-driver-3.14.0.jar:/Users/mark/.m2/repository/org/seleniumhq/selenium/selenium-edge-driver/3.14.0/selenium-edge-driver-3.14.0.jar:/Users/mark/.m2/repository/org/seleniumhq/selenium/selenium-firefox-driver/3.14.0/selenium-firefox-driver-3.14.0.jar:/Users/mark/.m2/repository/org/seleniumhq/selenium/selenium-ie-driver/3.14.0/selenium-ie-driver-3.14.0.jar:/Users/mark/.m2/repository/org/seleniumhq/selenium/selenium-opera-driver/3.14.0/selenium-opera-driver-3.14.0.jar:/Users/mark/.m2/repository/org/seleniumhq/selenium/selenium-remote-driver/3.14.0/selenium-remote-driver-3.14.0.jar:/Users/mark/.m2/repository/org/seleniumhq/selenium/selenium-safari-driver/3.14.0/selenium-safari-driver-3.14.0.jar:/Users/mark/.m2/repository/org/seleniumhq/selenium/selenium-support/3.14.0/selenium-support-3.14.0.jar:/Users/mark/.m2/repository/net/bytebuddy/byte-buddy/1.8.15/byte-buddy-1.8.15.jar:/Users/mark/.m2/repository/org/apache/commons/commons-exec/1.3/commons-exec-1.3.jar:/Users/mark/.m2/repository/commons-codec/commons-codec/1.10/commons-codec-1.10.jar:/Users/mark/.m2/repository/commons-logging/commons-logging/1.2/commons-logging-1.2.jar:/Users/mark/.m2/repository/com/google/guava/guava/25.0-jre/guava-25.0-jre.jar:/Users/mark/.m2/repository/com/google/code/findbugs/jsr305/1.3.9/jsr305-1.3.9.jar:/Users/mark/.m2/repository/org/checkerframework/checker-compat-qual/2.0.0/checker-compat-qual-2.0.0.jar:/Users/mark/.m2/repository/com/google/errorprone/error_prone_annotations/2.1.3/error_prone_annotations-2.1.3.jar:/Users/mark/.m2/repository/com/google/j2objc/j2objc-annotations/1.1/j2objc-annotations-1.1.jar:/Users/mark/.m2/repository/org/codehaus/mojo/animal-sniffer-annotations/1.14/animal-sniffer-annotations-1.14.jar:/Users/mark/.m2/repository/org/apache/httpcomponents/httpclient/4.5.5/httpclient-4.5.5.jar:/Users/mark/.m2/repository/org/apache/httpcomponents/httpcore/4.4.9/httpcore-4.4.9.jar:/Users/mark/.m2/repository/com/squareup/okhttp3/okhttp/3.10.0/okhttp-3.10.0.jar:/Users/mark/.m2/repository/com/squareup/okio/okio/1.14.1/okio-1.14.1.jar:/Users/mark/.m2/repository/org/apache/logging/log4j/log4j-api/2.11.1/log4j-api-2.11.1.jar:/Users/mark/.m2/repository/org/apache/logging/log4j/log4j-core/2.11.1/log4j-core-2.11.1.jar:/Users/mark/.m2/repository/com/opencsv/opencsv/3.3/opencsv-3.3.jar:/Users/mark/.m2/repository/org/apache/commons/commons-lang3/3.3.2/commons-lang3-3.3.2.jar:/Users/mark/.m2/repository/com/aventstack/extentreports/3.1.5/extentreports-3.1.5.jar:/Users/mark/.m2/repository/org/freemarker/freemarker/2.3.23/freemarker-2.3.23.jar:/Users/mark/.m2/repository/org/mongodb/mongodb-driver/3.3.0/mongodb-driver-3.3.0.jar:/Users/mark/.m2/repository/org/mongodb/bson/3.3.0/bson-3.3.0.jar:/Users/mark/.m2/repository/org/mongodb/mongodb-driver-core/3.3.0/mongodb-driver-core-3.3.0.jar:/Users/mark/.m2/repository/org/apache/httpcomponents/httpmime/4.5.2/httpmime-4.5.2.jar:/Users/mark/.m2/repository/org/jsoup/jsoup/1.9.2/jsoup-1.9.2.jar:/Users/mark/.m2/repository/com/google/code/gson/gson/2.8.0/gson-2.8.0.jar:/Users/mark/.m2/repository/org/apache/maven/surefire/surefire-testng-utils/2.22.0/surefire-testng-utils-2.22.0.jar:/Users/mark/.m2/repository/org/apache/maven/surefire/surefire-grouper/2.22.0/surefire-grouper-2.22.0.jar:"/>
    <property name="java.vm.vendor" value="Oracle Corporation"/>
    <property name="sun.arch.data.model" value="64"/>
    <property name="java.vendor.url" value="http://java.oracle.com/"/>
    <property name="user.timezone" value=""/>
    <property name="java.vm.specification.version" value="1.8"/>
    <property name="os.name" value="Mac OS X"/>
    <property name="user.country" value="UA"/>
    <property name="sun.java.launcher" value="SUN_STANDARD"/>
    <property name="sun.boot.library.path" value="/Library/Java/JavaVirtualMachines/jdk1.8.0_162.jdk/Contents/Home/jre/lib"/>
    <property name="sun.java.command" value="/Users/mark/Desktop/advanced-selenium-webdriver-master/PART-6/Lecture-49/advanced-selenium-webdriver/target/surefire/surefirebooter2062372668834198963.jar /Users/mark/Desktop/advanced-selenium-webdriver-master/PART-6/Lecture-49/advanced-selenium-webdriver/target/surefire 2019-07-01T15-37-57_240-jvmRun1 surefire1218916756233613802tmp surefire_04120239862194479352tmp"/>
    <property name="http.nonProxyHosts" value="local|*.local|169.254/16|*.169.254/16"/>
    <property name="surefire.test.class.path" value="/Users/mark/Desktop/advanced-selenium-webdriver-master/PART-6/Lecture-49/advanced-selenium-webdriver/target/test-classes:/Users/mark/Desktop/advanced-selenium-webdriver-master/PART-6/Lecture-49/advanced-selenium-webdriver/target/classes:/Users/mark/.m2/repository/org/testng/testng/7.0.0-beta3/testng-7.0.0-beta3.jar:/Users/mark/.m2/repository/com/beust/jcommander/1.72/jcommander-1.72.jar:/Users/mark/.m2/repository/org/seleniumhq/selenium/selenium-java/3.14.0/selenium-java-3.14.0.jar:/Users/mark/.m2/repository/org/seleniumhq/selenium/selenium-api/3.14.0/selenium-api-3.14.0.jar:/Users/mark/.m2/repository/org/seleniumhq/selenium/selenium-chrome-driver/3.14.0/selenium-chrome-driver-3.14.0.jar:/Users/mark/.m2/repository/org/seleniumhq/selenium/selenium-edge-driver/3.14.0/selenium-edge-driver-3.14.0.jar:/Users/mark/.m2/repository/org/seleniumhq/selenium/selenium-firefox-driver/3.14.0/selenium-firefox-driver-3.14.0.jar:/Users/mark/.m2/repository/org/seleniumhq/selenium/selenium-ie-driver/3.14.0/selenium-ie-driver-3.14.0.jar:/Users/mark/.m2/repository/org/seleniumhq/selenium/selenium-opera-driver/3.14.0/selenium-opera-driver-3.14.0.jar:/Users/mark/.m2/repository/org/seleniumhq/selenium/selenium-remote-driver/3.14.0/selenium-remote-driver-3.14.0.jar:/Users/mark/.m2/repository/org/seleniumhq/selenium/selenium-safari-driver/3.14.0/selenium-safari-driver-3.14.0.jar:/Users/mark/.m2/repository/org/seleniumhq/selenium/selenium-support/3.14.0/selenium-support-3.14.0.jar:/Users/mark/.m2/repository/net/bytebuddy/byte-buddy/1.8.15/byte-buddy-1.8.15.jar:/Users/mark/.m2/repository/org/apache/commons/commons-exec/1.3/commons-exec-1.3.jar:/Users/mark/.m2/repository/commons-codec/commons-codec/1.10/commons-codec-1.10.jar:/Users/mark/.m2/repository/commons-logging/commons-logging/1.2/commons-logging-1.2.jar:/Users/mark/.m2/repository/com/google/guava/guava/25.0-jre/guava-25.0-jre.jar:/Users/mark/.m2/repository/com/google/code/findbugs/jsr305/1.3.9/jsr305-1.3.9.jar:/Users/mark/.m2/repository/org/checkerframework/checker-compat-qual/2.0.0/checker-compat-qual-2.0.0.jar:/Users/mark/.m2/repository/com/google/errorprone/error_prone_annotations/2.1.3/error_prone_annotations-2.1.3.jar:/Users/mark/.m2/repository/com/google/j2objc/j2objc-annotations/1.1/j2objc-annotations-1.1.jar:/Users/mark/.m2/repository/org/codehaus/mojo/animal-sniffer-annotations/1.14/animal-sniffer-annotations-1.14.jar:/Users/mark/.m2/repository/org/apache/httpcomponents/httpclient/4.5.5/httpclient-4.5.5.jar:/Users/mark/.m2/repository/org/apache/httpcomponents/httpcore/4.4.9/httpcore-4.4.9.jar:/Users/mark/.m2/repository/com/squareup/okhttp3/okhttp/3.10.0/okhttp-3.10.0.jar:/Users/mark/.m2/repository/com/squareup/okio/okio/1.14.1/okio-1.14.1.jar:/Users/mark/.m2/repository/org/apache/logging/log4j/log4j-api/2.11.1/log4j-api-2.11.1.jar:/Users/mark/.m2/repository/org/apache/logging/log4j/log4j-core/2.11.1/log4j-core-2.11.1.jar:/Users/mark/.m2/repository/com/opencsv/opencsv/3.3/opencsv-3.3.jar:/Users/mark/.m2/repository/org/apache/commons/commons-lang3/3.3.2/commons-lang3-3.3.2.jar:/Users/mark/.m2/repository/com/aventstack/extentreports/3.1.5/extentreports-3.1.5.jar:/Users/mark/.m2/repository/org/freemarker/freemarker/2.3.23/freemarker-2.3.23.jar:/Users/mark/.m2/repository/org/mongodb/mongodb-driver/3.3.0/mongodb-driver-3.3.0.jar:/Users/mark/.m2/repository/org/mongodb/bson/3.3.0/bson-3.3.0.jar:/Users/mark/.m2/repository/org/mongodb/mongodb-driver-core/3.3.0/mongodb-driver-core-3.3.0.jar:/Users/mark/.m2/repository/org/apache/httpcomponents/httpmime/4.5.2/httpmime-4.5.2.jar:/Users/mark/.m2/repository/org/jsoup/jsoup/1.9.2/jsoup-1.9.2.jar:/Users/mark/.m2/repository/com/google/code/gson/gson/2.8.0/gson-2.8.0.jar:/Users/mark/.m2/repository/org/apache/maven/surefire/surefire-testng-utils/2.22.0/surefire-testng-utils-2.22.0.jar:/Users/mark/.m2/repository/org/apache/maven/surefire/surefire-grouper/2.22.0/surefire-grouper-2.22.0.jar:"/>
    <property name="sun.cpu.endian" value="little"/>
    <property name="user.home" value="/Users/mark"/>
    <property name="user.language" value="ru"/>
    <property name="java.specification.vendor" value="Oracle Corporation"/>
    <property name="java.home" value="/Library/Java/JavaVirtualMachines/jdk1.8.0_162.jdk/Contents/Home/jre"/>
    <property name="basedir" value="/Users/mark/Desktop/advanced-selenium-webdriver-master/PART-6/Lecture-49/advanced-selenium-webdriver"/>
    <property name="file.separator" value="/"/>
    <property name="line.separator" value="&#10;"/>
    <property name="java.vm.specification.vendor" value="Oracle Corporation"/>
    <property name="java.specification.name" value="Java Platform API Specification"/>
    <property name="java.awt.graphicsenv" value="sun.awt.CGraphicsEnvironment"/>
    <property name="surefire.real.class.path" value="/Users/mark/Desktop/advanced-selenium-webdriver-master/PART-6/Lecture-49/advanced-selenium-webdriver/target/surefire/surefirebooter2062372668834198963.jar"/>
    <property name="sun.boot.class.path" value="/Library/Java/JavaVirtualMachines/jdk1.8.0_162.jdk/Contents/Home/jre/lib/resources.jar:/Library/Java/JavaVirtualMachines/jdk1.8.0_162.jdk/Contents/Home/jre/lib/rt.jar:/Library/Java/JavaVirtualMachines/jdk1.8.0_162.jdk/Contents/Home/jre/lib/sunrsasign.jar:/Library/Java/JavaVirtualMachines/jdk1.8.0_162.jdk/Contents/Home/jre/lib/jsse.jar:/Library/Java/JavaVirtualMachines/jdk1.8.0_162.jdk/Contents/Home/jre/lib/jce.jar:/Library/Java/JavaVirtualMachines/jdk1.8.0_162.jdk/Contents/Home/jre/lib/charsets.jar:/Library/Java/JavaVirtualMachines/jdk1.8.0_162.jdk/Contents/Home/jre/lib/jfr.jar:/Library/Java/JavaVirtualMachines/jdk1.8.0_162.jdk/Contents/Home/jre/classes"/>
    <property name="sun.management.compiler" value="HotSpot 64-Bit Tiered Compilers"/>
    <property name="ftp.nonProxyHosts" value="local|*.local|169.254/16|*.169.254/16"/>
    <property name="java.runtime.version" value="1.8.0_162-b12"/>
    <property name="user.name" value="mark"/>
    <property name="path.separator" value=":"/>
    <property name="os.version" value="10.13.6"/>
    <property name="java.endorsed.dirs" value="/Library/Java/JavaVirtualMachines/jdk1.8.0_162.jdk/Contents/Home/jre/lib/endorsed"/>
    <property name="java.runtime.name" value="Java(TM) SE Runtime Environment"/>
    <property name="file.encoding" value="UTF-8"/>
    <property name="java.vm.name" value="Java HotSpot(TM) 64-Bit Server VM"/>
    <property name="localRepository" value="/Users/mark/.m2/repository"/>
    <property name="java.vendor.url.bug" value="http://bugreport.sun.com/bugreport/"/>
    <property name="java.io.tmpdir" value="/var/folders/f3/pk6bprdd0g94th9pf545gqr80000gn/T/"/>
    <property name="java.version" value="1.8.0_162"/>
    <property name="user.dir" value="/Users/mark/Desktop/advanced-selenium-webdriver-master/PART-6/Lecture-49/advanced-selenium-webdriver"/>
    <property name="os.arch" value="x86_64"/>
    <property name="java.vm.specification.name" value="Java Virtual Machine Specification"/>
    <property name="java.awt.printerjob" value="sun.lwawt.macosx.CPrinterJob"/>
    <property name="user.language.format" value="en"/>
    <property name="sun.os.patch.level" value="unknown"/>
    <property name="java.library.path" value="/Users/mark/Library/Java/Extensions:/Library/Java/Extensions:/Network/Library/Java/Extensions:/System/Library/Java/Extensions:/usr/lib/java:."/>
    <property name="java.vm.info" value="mixed mode"/>
    <property name="java.vendor" value="Oracle Corporation"/>
    <property name="java.vm.version" value="25.162-b12"/>
    <property name="java.ext.dirs" value="/Users/mark/Library/Java/Extensions:/Library/Java/JavaVirtualMachines/jdk1.8.0_162.jdk/Contents/Home/jre/lib/ext:/Library/Java/Extensions:/Network/Library/Java/Extensions:/System/Library/Java/Extensions:/usr/lib/java"/>
    <property name="sun.io.unicode.encoding" value="UnicodeBig"/>
    <property name="java.class.version" value="52.0"/>
    <property name="socksNonProxyHosts" value="local|*.local|169.254/16|*.169.254/16"/>
  </properties>
  <testcase name="selectingTwoCheckboxesTest" classname="com.herokuapp.theinternet.checkboxespagetests.CheckboxesTests" time="3.72"/>
  <testcase name="negativeLogInTest" classname="com.herokuapp.theinternet.loginpagetests.NegativeLogInTests" time="2.156"/>
  <testcase name="negativeLogInTest" classname="com.herokuapp.theinternet.loginpagetests.NegativeLogInTests" time="0.038"/>
  <testcase name="negativeLogInTest" classname="com.herokuapp.theinternet.loginpagetests.NegativeLogInTests" time="0.783"/>
  <testcase name="negativeLogInTest" classname="com.herokuapp.theinternet.loginpagetests.NegativeLogInTests" time="4.079"/>
  <testcase name="negativeLogInTest" classname="com.herokuapp.theinternet.loginpagetests.NegativeLogInTests" time="1.562"/>
  <testcase name="negativeLogInTest" classname="com.herokuapp.theinternet.loginpagetests.NegativeLogInTests" time="1.16"/>
  <testcase name="negativeLogInTest" classname="com.herokuapp.theinternet.loginpagetests.NegativeLogInTests" time="0.337"/>
  <testcase name="negativeLogInTest" classname="com.herokuapp.theinternet.loginpagetests.NegativeLogInTests" time="2.865"/>
  <testcase name="negativeLogInTest" classname="com.herokuapp.theinternet.loginpagetests.NegativeLogInTests" time="3.998"/>
  <testcase name="negativeLogInTest" classname="com.herokuapp.theinternet.loginpagetests.NegativeLogInTests" time="3.211"/>
  <testcase name="logInTest" classname="com.herokuapp.theinternet.loginpagetests.PositiveLogInTests" time="2.193"/>
  <testcase name="optionTwoTest" classname="com.herokuapp.theinternet.dropdowntests.DropdownTest" time="1.263"/>
  <testcase name="jsAlertTest" classname="com.herokuapp.theinternet.alertstests.AlertsTests" time="1.672"/>
  <testcase name="newWindowTest" classname="com.herokuapp.theinternet.windowstests.WindowsTests" time="0.325"/>
  <testcase name="jsDismissTest" classname="com.herokuapp.theinternet.alertstests.AlertsTests" time="2.306"/>
  <testcase name="jsPromptTest" classname="com.herokuapp.theinternet.alertstests.AlertsTests" time="0.529">
    <failure message="The following asserts failed:&#10;	Alert message is not expected. &#10;Should be &apos;I am a JS prompt&apos;, but it is &apos;I am a JS prompt[FAIL]&apos; did not expect to find [true] but found [false],&#10;	result is not expected. &#10;Should be &apos;You entered: Hello Alert, its Dmitry here&apos;, but it is &apos;You entered: Hello Alert, it&apos;s Dmitry here[FAIL]&apos; did not expect to find [true] but found [false]" type="java.lang.AssertionError">java.lang.AssertionError: 
The following asserts failed:
	Alert message is not expected. 
Should be 'I am a JS prompt', but it is 'I am a JS prompt[FAIL]' did not expect to find [true] but found [false],
	result is not expected. 
Should be 'You entered: Hello Alert, its Dmitry here', but it is 'You entered: Hello Alert, it's Dmitry here[FAIL]' did not expect to find [true] but found [false]
	at com.herokuapp.theinternet.alertstests.AlertsTests.jsPromptTest(AlertsTests.java:113)
</failure>
    <system-out><![CDATA[[TestNG-tests-3] 15:38:36,866 INFO  [NegativePasswordTest-FF] Close driver
[TestNG-tests-1] 15:38:37,020 INFO  [AlertsTests] [Test jsPromptTest failed]
]]></system-out>
    <system-err><![CDATA[1561984716869	Marionette	INFO	Stopped listening on port 64216

###!!! [Child][RunMessage] Error: Channel closing: too late to send/recv, messages will be lost

]]></system-err>
  </testcase>
  <testcase name="defaultEditorValueTest" classname="com.herokuapp.theinternet.editortests.EditorTests" time="0.994"/>
  <testcase name="pressKeyTest" classname="com.herokuapp.theinternet.keypressestests.KeyPressesTests" time="2.111"/>
  <testcase name="pressKeyWithActionsTest" classname="com.herokuapp.theinternet.keypressestests.KeyPressesTests" time="0.839"/>
  <testcase name="fileUploadTest" classname="com.herokuapp.theinternet.uploadtests.UploadTests" time="1.706"/>
  <testcase name="fileUploadTest" classname="com.herokuapp.theinternet.uploadtests.UploadTests" time="0.653"/>
  <testcase name="fileUploadTest" classname="com.herokuapp.theinternet.uploadtests.UploadTests" time="2.266"/>
  <testcase name="dragAToBTest" classname="com.herokuapp.theinternet.draganddroptests.DragAndDropTests" time="2.365"/>
  <testcase name="dragAToBTest" classname="com.herokuapp.theinternet.draganddroptests.DragAndDropTests" time="1.617"/>
</testsuite>