<?xml version="1.0" encoding="UTF-8"?>
<testng-results skipped="0" failed="1" ignored="0" total="25" passed="24">
  <reporter-output>
  </reporter-output>
  <suite name="FullUITestSuite" duration-ms="60423" started-at="2019-07-01T15:37:58 EEST" finished-at="2019-07-01T15:38:58 EEST">
    <groups>
    </groups>
    <test name="CheckboxesTests" duration-ms="8803" started-at="2019-07-01T15:37:58 EEST" finished-at="2019-07-01T15:38:06 EEST">
      <class name="com.herokuapp.theinternet.checkboxespagetests.CheckboxesTests">
        <test-method status="PASS" signature="setUp(java.lang.reflect.Method, java.lang.String, java.lang.String, java.lang.String, java.lang.String, org.testng.ITestContext)[pri:0, instance:com.herokuapp.theinternet.checkboxespagetests.CheckboxesTests@62ee68d8]" name="setUp" is-config="true" duration-ms="4576" started-at="2019-07-01T15:37:58 EEST" finished-at="2019-07-01T15:38:02 EEST">
          <params>
            <param index="0">
              <value>
                <![CDATA[public void com.herokuapp.theinternet.checkboxespagetests.CheckboxesTests.selectingTwoCheckboxesTest()]]>
              </value>
            </param>
            <param index="1">
              <value>
                <![CDATA[chrome]]>
              </value>
            </param>
            <param index="2">
              <value is-null="true"/>
            </param>
            <param index="3">
              <value is-null="true"/>
            </param>
            <param index="4">
              <value>
                <![CDATA[local]]>
              </value>
            </param>
            <param index="5">
              <value>
                <![CDATA[org.testng.TestRunner@204f30ec]]>
              </value>
            </param>
          </params>
          <reporter-output>
          </reporter-output>
        </test-method> <!-- setUp -->
        <test-method status="PASS" signature="selectingTwoCheckboxesTest()[pri:0, instance:com.herokuapp.theinternet.checkboxespagetests.CheckboxesTests@62ee68d8]" name="selectingTwoCheckboxesTest" duration-ms="3723" started-at="2019-07-01T15:38:02 EEST" finished-at="2019-07-01T15:38:06 EEST">
          <reporter-output>
          </reporter-output>
        </test-method> <!-- selectingTwoCheckboxesTest -->
        <test-method status="PASS" signature="tearDown()[pri:0, instance:com.herokuapp.theinternet.checkboxespagetests.CheckboxesTests@62ee68d8]" name="tearDown" is-config="true" duration-ms="185" started-at="2019-07-01T15:38:06 EEST" finished-at="2019-07-01T15:38:06 EEST">
          <reporter-output>
          </reporter-output>
        </test-method> <!-- tearDown -->
      </class> <!-- com.herokuapp.theinternet.checkboxespagetests.CheckboxesTests -->
    </test> <!-- CheckboxesTests -->
    <test name="PositiveLogInTest-CH" duration-ms="11525" started-at="2019-07-01T15:37:58 EEST" finished-at="2019-07-01T15:38:09 EEST">
      <class name="com.herokuapp.theinternet.loginpagetests.PositiveLogInTests">
        <test-method status="PASS" signature="setUp(java.lang.reflect.Method, java.lang.String, java.lang.String, java.lang.String, java.lang.String, org.testng.ITestContext)[pri:0, instance:com.herokuapp.theinternet.loginpagetests.PositiveLogInTests@59e84876]" name="setUp" is-config="true" duration-ms="4612" started-at="2019-07-01T15:37:58 EEST" finished-at="2019-07-01T15:38:03 EEST">
          <params>
            <param index="0">
              <value>
                <![CDATA[public void com.herokuapp.theinternet.loginpagetests.PositiveLogInTests.logInTest()]]>
              </value>
            </param>
            <param index="1">
              <value>
                <![CDATA[chrome]]>
              </value>
            </param>
            <param index="2">
              <value is-null="true"/>
            </param>
            <param index="3">
              <value is-null="true"/>
            </param>
            <param index="4">
              <value>
                <![CDATA[local]]>
              </value>
            </param>
            <param index="5">
              <value>
                <![CDATA[org.testng.TestRunner@e25b2fe]]>
              </value>
            </param>
          </params>
          <reporter-output>
          </reporter-output>
        </test-method> <!-- setUp -->
        <test-method status="PASS" signature="logInTest()[pri:0, instance:com.herokuapp.theinternet.loginpagetests.PositiveLogInTests@59e84876]" name="logInTest" duration-ms="6382" started-at="2019-07-01T15:38:03 EEST" finished-at="2019-07-01T15:38:09 EEST">
          <reporter-output>
          </reporter-output>
        </test-method> <!-- logInTest -->
        <test-method status="PASS" signature="tearDown()[pri:0, instance:com.herokuapp.theinternet.loginpagetests.PositiveLogInTests@59e84876]" name="tearDown" is-config="true" duration-ms="229" started-at="2019-07-01T15:38:09 EEST" finished-at="2019-07-01T15:38:09 EEST">
          <reporter-output>
          </reporter-output>
        </test-method> <!-- tearDown -->
      </class> <!-- com.herokuapp.theinternet.loginpagetests.PositiveLogInTests -->
    </test> <!-- PositiveLogInTest-CH -->
    <test name="DropdownTests" duration-ms="7938" started-at="2019-07-01T15:38:06 EEST" finished-at="2019-07-01T15:38:14 EEST">
      <class name="com.herokuapp.theinternet.dropdowntests.DropdownTest">
        <test-method status="PASS" signature="setUp(java.lang.reflect.Method, java.lang.String, java.lang.String, java.lang.String, java.lang.String, org.testng.ITestContext)[pri:0, instance:com.herokuapp.theinternet.dropdowntests.DropdownTest@4f933fd1]" name="setUp" is-config="true" duration-ms="3809" started-at="2019-07-01T15:38:06 EEST" finished-at="2019-07-01T15:38:10 EEST">
          <params>
            <param index="0">
              <value>
                <![CDATA[public void com.herokuapp.theinternet.dropdowntests.DropdownTest.optionTwoTest()]]>
              </value>
            </param>
            <param index="1">
              <value>
                <![CDATA[chrome]]>
              </value>
            </param>
            <param index="2">
              <value is-null="true"/>
            </param>
            <param index="3">
              <value is-null="true"/>
            </param>
            <param index="4">
              <value>
                <![CDATA[local]]>
              </value>
            </param>
            <param index="5">
              <value>
                <![CDATA[org.testng.TestRunner@754ba872]]>
              </value>
            </param>
          </params>
          <reporter-output>
          </reporter-output>
        </test-method> <!-- setUp -->
        <test-method status="PASS" signature="optionTwoTest()[pri:0, instance:com.herokuapp.theinternet.dropdowntests.DropdownTest@4f933fd1]" name="optionTwoTest" duration-ms="3996" started-at="2019-07-01T15:38:10 EEST" finished-at="2019-07-01T15:38:14 EEST">
          <reporter-output>
          </reporter-output>
        </test-method> <!-- optionTwoTest -->
        <test-method status="PASS" signature="tearDown()[pri:0, instance:com.herokuapp.theinternet.dropdowntests.DropdownTest@4f933fd1]" name="tearDown" is-config="true" duration-ms="126" started-at="2019-07-01T15:38:14 EEST" finished-at="2019-07-01T15:38:14 EEST">
          <reporter-output>
          </reporter-output>
        </test-method> <!-- tearDown -->
      </class> <!-- com.herokuapp.theinternet.dropdowntests.DropdownTest -->
    </test> <!-- DropdownTests -->
    <test name="WindowsTests" duration-ms="7776" started-at="2019-07-01T15:38:14 EEST" finished-at="2019-07-01T15:38:22 EEST">
      <class name="com.herokuapp.theinternet.windowstests.WindowsTests">
        <test-method status="PASS" signature="setUp(java.lang.reflect.Method, java.lang.String, java.lang.String, java.lang.String, java.lang.String, org.testng.ITestContext)[pri:0, instance:com.herokuapp.theinternet.windowstests.WindowsTests@5c7fa833]" name="setUp" is-config="true" duration-ms="2488" started-at="2019-07-01T15:38:14 EEST" finished-at="2019-07-01T15:38:17 EEST">
          <params>
            <param index="0">
              <value>
                <![CDATA[public void com.herokuapp.theinternet.windowstests.WindowsTests.newWindowTest()]]>
              </value>
            </param>
            <param index="1">
              <value>
                <![CDATA[chrome]]>
              </value>
            </param>
            <param index="2">
              <value is-null="true"/>
            </param>
            <param index="3">
              <value is-null="true"/>
            </param>
            <param index="4">
              <value>
                <![CDATA[local]]>
              </value>
            </param>
            <param index="5">
              <value>
                <![CDATA[org.testng.TestRunner@146ba0ac]]>
              </value>
            </param>
          </params>
          <reporter-output>
          </reporter-output>
        </test-method> <!-- setUp -->
        <test-method status="PASS" signature="newWindowTest()[pri:0, instance:com.herokuapp.theinternet.windowstests.WindowsTests@5c7fa833]" name="newWindowTest" duration-ms="5166" started-at="2019-07-01T15:38:17 EEST" finished-at="2019-07-01T15:38:22 EEST">
          <reporter-output>
          </reporter-output>
        </test-method> <!-- newWindowTest -->
        <test-method status="PASS" signature="tearDown()[pri:0, instance:com.herokuapp.theinternet.windowstests.WindowsTests@5c7fa833]" name="tearDown" is-config="true" duration-ms="119" started-at="2019-07-01T15:38:22 EEST" finished-at="2019-07-01T15:38:22 EEST">
          <reporter-output>
          </reporter-output>
        </test-method> <!-- tearDown -->
      </class> <!-- com.herokuapp.theinternet.windowstests.WindowsTests -->
    </test> <!-- WindowsTests -->
    <test name="AlertsTests" duration-ms="27546" started-at="2019-07-01T15:38:09 EEST" finished-at="2019-07-01T15:38:37 EEST">
      <class name="com.herokuapp.theinternet.alertstests.AlertsTests">
        <test-method status="PASS" signature="setUp(java.lang.reflect.Method, java.lang.String, java.lang.String, java.lang.String, java.lang.String, org.testng.ITestContext)[pri:0, instance:com.herokuapp.theinternet.alertstests.AlertsTests@675d3402]" name="setUp" is-config="true" duration-ms="3857" started-at="2019-07-01T15:38:09 EEST" finished-at="2019-07-01T15:38:13 EEST">
          <params>
            <param index="0">
              <value>
                <![CDATA[public void com.herokuapp.theinternet.alertstests.AlertsTests.jsAlertTest()]]>
              </value>
            </param>
            <param index="1">
              <value>
                <![CDATA[chrome]]>
              </value>
            </param>
            <param index="2">
              <value is-null="true"/>
            </param>
            <param index="3">
              <value is-null="true"/>
            </param>
            <param index="4">
              <value>
                <![CDATA[local]]>
              </value>
            </param>
            <param index="5">
              <value>
                <![CDATA[org.testng.TestRunner@4dfa3a9d]]>
              </value>
            </param>
          </params>
          <reporter-output>
          </reporter-output>
        </test-method> <!-- setUp -->
        <test-method status="PASS" signature="jsAlertTest()[pri:0, instance:com.herokuapp.theinternet.alertstests.AlertsTests@675d3402]" name="jsAlertTest" duration-ms="5560" started-at="2019-07-01T15:38:13 EEST" finished-at="2019-07-01T15:38:19 EEST">
          <reporter-output>
          </reporter-output>
        </test-method> <!-- jsAlertTest -->
        <test-method status="PASS" signature="tearDown()[pri:0, instance:com.herokuapp.theinternet.alertstests.AlertsTests@675d3402]" name="tearDown" is-config="true" duration-ms="99" started-at="2019-07-01T15:38:19 EEST" finished-at="2019-07-01T15:38:19 EEST">
          <reporter-output>
          </reporter-output>
        </test-method> <!-- tearDown -->
        <test-method status="PASS" signature="setUp(java.lang.reflect.Method, java.lang.String, java.lang.String, java.lang.String, java.lang.String, org.testng.ITestContext)[pri:0, instance:com.herokuapp.theinternet.alertstests.AlertsTests@675d3402]" name="setUp" is-config="true" duration-ms="3065" started-at="2019-07-01T15:38:19 EEST" finished-at="2019-07-01T15:38:22 EEST">
          <params>
            <param index="0">
              <value>
                <![CDATA[public void com.herokuapp.theinternet.alertstests.AlertsTests.jsDismissTest()]]>
              </value>
            </param>
            <param index="1">
              <value>
                <![CDATA[chrome]]>
              </value>
            </param>
            <param index="2">
              <value is-null="true"/>
            </param>
            <param index="3">
              <value is-null="true"/>
            </param>
            <param index="4">
              <value>
                <![CDATA[local]]>
              </value>
            </param>
            <param index="5">
              <value>
                <![CDATA[org.testng.TestRunner@4dfa3a9d]]>
              </value>
            </param>
          </params>
          <reporter-output>
          </reporter-output>
        </test-method> <!-- setUp -->
        <test-method status="PASS" signature="jsDismissTest()[pri:0, instance:com.herokuapp.theinternet.alertstests.AlertsTests@675d3402]" name="jsDismissTest" duration-ms="6473" started-at="2019-07-01T15:38:22 EEST" finished-at="2019-07-01T15:38:28 EEST">
          <reporter-output>
          </reporter-output>
        </test-method> <!-- jsDismissTest -->
        <test-method status="PASS" signature="tearDown()[pri:0, instance:com.herokuapp.theinternet.alertstests.AlertsTests@675d3402]" name="tearDown" is-config="true" duration-ms="108" started-at="2019-07-01T15:38:28 EEST" finished-at="2019-07-01T15:38:28 EEST">
          <reporter-output>
          </reporter-output>
        </test-method> <!-- tearDown -->
        <test-method status="PASS" signature="setUp(java.lang.reflect.Method, java.lang.String, java.lang.String, java.lang.String, java.lang.String, org.testng.ITestContext)[pri:0, instance:com.herokuapp.theinternet.alertstests.AlertsTests@675d3402]" name="setUp" is-config="true" duration-ms="2062" started-at="2019-07-01T15:38:28 EEST" finished-at="2019-07-01T15:38:30 EEST">
          <params>
            <param index="0">
              <value>
                <![CDATA[public void com.herokuapp.theinternet.alertstests.AlertsTests.jsPromptTest()]]>
              </value>
            </param>
            <param index="1">
              <value>
                <![CDATA[chrome]]>
              </value>
            </param>
            <param index="2">
              <value is-null="true"/>
            </param>
            <param index="3">
              <value is-null="true"/>
            </param>
            <param index="4">
              <value>
                <![CDATA[local]]>
              </value>
            </param>
            <param index="5">
              <value>
                <![CDATA[org.testng.TestRunner@4dfa3a9d]]>
              </value>
            </param>
          </params>
          <reporter-output>
          </reporter-output>
        </test-method> <!-- setUp -->
        <test-method status="FAIL" signature="jsPromptTest()[pri:0, instance:com.herokuapp.theinternet.alertstests.AlertsTests@675d3402]" name="jsPromptTest" duration-ms="6161" started-at="2019-07-01T15:38:30 EEST" finished-at="2019-07-01T15:38:37 EEST">
          <exception class="java.lang.AssertionError">
            <message>
              <![CDATA[The following asserts failed:
Alert message is not expected. 
Should be 'I am a JS prompt', but it is 'I am a JS prompt[FAIL]' did not expect to find [true] but found [false],
result is not expected. 
Should be 'You entered: Hello Alert, its Dmitry here', but it is 'You entered: Hello Alert, it's Dmitry here[FAIL]' did not expect to find [true] but found [false]]]>
            </message>
            <full-stacktrace>
              <![CDATA[java.lang.AssertionError: The following asserts failed:
Alert message is not expected. 
Should be 'I am a JS prompt', but it is 'I am a JS prompt[FAIL]' did not expect to find [true] but found [false],
result is not expected. 
Should be 'You entered: Hello Alert, its Dmitry here', but it is 'You entered: Hello Alert, it's Dmitry here[FAIL]' did not expect to find [true] but found [false]
at org.testng.asserts.SoftAssert.assertAll(SoftAssert.java:47)
at com.herokuapp.theinternet.alertstests.AlertsTests.jsPromptTest(AlertsTests.java:113)
at sun.reflect.NativeMethodAccessorImpl.invoke0(Native Method)
at sun.reflect.NativeMethodAccessorImpl.invoke(NativeMethodAccessorImpl.java:62)
at sun.reflect.DelegatingMethodAccessorImpl.invoke(DelegatingMethodAccessorImpl.java:43)
at java.lang.reflect.Method.invoke(Method.java:498)
at org.testng.internal.MethodInvocationHelper.invokeMethod(MethodInvocationHelper.java:131)
at org.testng.internal.TestInvoker.invokeMethod(TestInvoker.java:570)
at org.testng.internal.TestInvoker.invokeTestMethod(TestInvoker.java:170)
at org.testng.internal.MethodRunner.runInSequence(MethodRunner.java:46)
at org.testng.internal.TestInvoker$MethodInvocationAgent.invoke(TestInvoker.java:790)
at org.testng.internal.TestInvoker.invokeTestMethods(TestInvoker.java:143)
at org.testng.internal.TestMethodWorker.invokeTestMethods(TestMethodWorker.java:146)
at org.testng.internal.TestMethodWorker.run(TestMethodWorker.java:128)
at org.testng.TestRunner.privateRun(TestRunner.java:763)
at org.testng.TestRunner.run(TestRunner.java:594)
at org.testng.SuiteRunner.runTest(SuiteRunner.java:398)
at org.testng.SuiteRunner.access$000(SuiteRunner.java:41)
at org.testng.SuiteRunner$SuiteWorker.run(SuiteRunner.java:437)
at org.testng.internal.thread.ThreadUtil.lambda$execute$0(ThreadUtil.java:67)
at java.util.concurrent.FutureTask.run(FutureTask.java:266)
at java.util.concurrent.ThreadPoolExecutor.runWorker(ThreadPoolExecutor.java:1149)
at java.util.concurrent.ThreadPoolExecutor$Worker.run(ThreadPoolExecutor.java:624)
at java.lang.Thread.run(Thread.java:748)
]]>
            </full-stacktrace>
          </exception> <!-- java.lang.AssertionError -->
          <reporter-output>
          </reporter-output>
        </test-method> <!-- jsPromptTest -->
        <test-method status="PASS" signature="tearDown()[pri:0, instance:com.herokuapp.theinternet.alertstests.AlertsTests@675d3402]" name="tearDown" is-config="true" duration-ms="122" started-at="2019-07-01T15:38:37 EEST" finished-at="2019-07-01T15:38:37 EEST">
          <reporter-output>
          </reporter-output>
        </test-method> <!-- tearDown -->
      </class> <!-- com.herokuapp.theinternet.alertstests.AlertsTests -->
    </test> <!-- AlertsTests -->
    <test name="EditorTests" duration-ms="17359" started-at="2019-07-01T15:38:22 EEST" finished-at="2019-07-01T15:38:40 EEST">
      <class name="com.herokuapp.theinternet.editortests.EditorTests">
        <test-method status="PASS" signature="setUp(java.lang.reflect.Method, java.lang.String, java.lang.String, java.lang.String, java.lang.String, org.testng.ITestContext)[pri:0, instance:com.herokuapp.theinternet.editortests.EditorTests@cc285f4]" name="setUp" is-config="true" duration-ms="3713" started-at="2019-07-01T15:38:22 EEST" finished-at="2019-07-01T15:38:26 EEST">
          <params>
            <param index="0">
              <value>
                <![CDATA[public void com.herokuapp.theinternet.editortests.EditorTests.defaultEditorValueTest()]]>
              </value>
            </param>
            <param index="1">
              <value>
                <![CDATA[chrome]]>
              </value>
            </param>
            <param index="2">
              <value is-null="true"/>
            </param>
            <param index="3">
              <value is-null="true"/>
            </param>
            <param index="4">
              <value>
                <![CDATA[local]]>
              </value>
            </param>
            <param index="5">
              <value>
                <![CDATA[org.testng.TestRunner@f6c48ac]]>
              </value>
            </param>
          </params>
          <reporter-output>
          </reporter-output>
        </test-method> <!-- setUp -->
        <test-method status="PASS" signature="defaultEditorValueTest()[pri:0, instance:com.herokuapp.theinternet.editortests.EditorTests@cc285f4]" name="defaultEditorValueTest" duration-ms="13470" started-at="2019-07-01T15:38:26 EEST" finished-at="2019-07-01T15:38:39 EEST">
          <reporter-output>
          </reporter-output>
        </test-method> <!-- defaultEditorValueTest -->
        <test-method status="PASS" signature="tearDown()[pri:0, instance:com.herokuapp.theinternet.editortests.EditorTests@cc285f4]" name="tearDown" is-config="true" duration-ms="173" started-at="2019-07-01T15:38:39 EEST" finished-at="2019-07-01T15:38:40 EEST">
          <reporter-output>
          </reporter-output>
        </test-method> <!-- tearDown -->
      </class> <!-- com.herokuapp.theinternet.editortests.EditorTests -->
    </test> <!-- EditorTests -->
    <test name="NegativeUsernameTest-CH" duration-ms="43802" started-at="2019-07-01T15:37:58 EEST" finished-at="2019-07-01T15:38:41 EEST">
      <class name="com.herokuapp.theinternet.loginpagetests.NegativeLogInTests">
        <test-method status="PASS" signature="setUp(java.lang.reflect.Method, java.lang.String, java.lang.String, java.lang.String, java.lang.String, org.testng.ITestContext)[pri:0, instance:com.herokuapp.theinternet.loginpagetests.NegativeLogInTests@6cc4c815]" name="setUp" is-config="true" duration-ms="4607" started-at="2019-07-01T15:37:58 EEST" finished-at="2019-07-01T15:38:03 EEST">
          <params>
            <param index="0">
              <value>
                <![CDATA[public void com.herokuapp.theinternet.loginpagetests.NegativeLogInTests.negativeLogInTest(java.util.Map)]]>
              </value>
            </param>
            <param index="1">
              <value>
                <![CDATA[chrome]]>
              </value>
            </param>
            <param index="2">
              <value is-null="true"/>
            </param>
            <param index="3">
              <value is-null="true"/>
            </param>
            <param index="4">
              <value>
                <![CDATA[local]]>
              </value>
            </param>
            <param index="5">
              <value>
                <![CDATA[org.testng.TestRunner@13deb50e]]>
              </value>
            </param>
          </params>
          <reporter-output>
          </reporter-output>
        </test-method> <!-- setUp -->
        <test-method status="PASS" signature="negativeLogInTest(java.util.Map)[pri:1, instance:com.herokuapp.theinternet.loginpagetests.NegativeLogInTests@6cc4c815]" name="negativeLogInTest" duration-ms="6346" started-at="2019-07-01T15:38:03 EEST" data-provider="csvReader" finished-at="2019-07-01T15:38:09 EEST">
          <params>
            <param index="0">
              <value>
                <![CDATA[{no=1, description=incorrect username, password=SuperSecretPassword!, expectedMessage=Your username is invalid!, username=incorrectUsername}]]>
              </value>
            </param>
          </params>
          <reporter-output>
          </reporter-output>
        </test-method> <!-- negativeLogInTest -->
        <test-method status="PASS" signature="tearDown()[pri:0, instance:com.herokuapp.theinternet.loginpagetests.NegativeLogInTests@6cc4c815]" name="tearDown" is-config="true" duration-ms="311" started-at="2019-07-01T15:38:09 EEST" finished-at="2019-07-01T15:38:09 EEST">
          <reporter-output>
          </reporter-output>
        </test-method> <!-- tearDown -->
        <test-method status="PASS" signature="setUp(java.lang.reflect.Method, java.lang.String, java.lang.String, java.lang.String, java.lang.String, org.testng.ITestContext)[pri:0, instance:com.herokuapp.theinternet.loginpagetests.NegativeLogInTests@6cc4c815]" name="setUp" is-config="true" duration-ms="3240" started-at="2019-07-01T15:38:09 EEST" finished-at="2019-07-01T15:38:12 EEST">
          <params>
            <param index="0">
              <value>
                <![CDATA[public void com.herokuapp.theinternet.loginpagetests.NegativeLogInTests.negativeLogInTest(java.util.Map)]]>
              </value>
            </param>
            <param index="1">
              <value>
                <![CDATA[chrome]]>
              </value>
            </param>
            <param index="2">
              <value is-null="true"/>
            </param>
            <param index="3">
              <value is-null="true"/>
            </param>
            <param index="4">
              <value>
                <![CDATA[local]]>
              </value>
            </param>
            <param index="5">
              <value>
                <![CDATA[org.testng.TestRunner@13deb50e]]>
              </value>
            </param>
          </params>
          <reporter-output>
          </reporter-output>
        </test-method> <!-- setUp -->
        <test-method status="PASS" signature="negativeLogInTest(java.util.Map)[pri:1, instance:com.herokuapp.theinternet.loginpagetests.NegativeLogInTests@6cc4c815]" name="negativeLogInTest" duration-ms="5246" started-at="2019-07-01T15:38:12 EEST" data-provider="csvReader" finished-at="2019-07-01T15:38:18 EEST">
          <params>
            <param index="0">
              <value>
                <![CDATA[{no=2, description=incorrect password, password=incorrectPassword, expectedMessage=Your password is invalid!, username=tomsmith}]]>
              </value>
            </param>
          </params>
          <reporter-output>
          </reporter-output>
        </test-method> <!-- negativeLogInTest -->
        <test-method status="PASS" signature="tearDown()[pri:0, instance:com.herokuapp.theinternet.loginpagetests.NegativeLogInTests@6cc4c815]" name="tearDown" is-config="true" duration-ms="161" started-at="2019-07-01T15:38:18 EEST" finished-at="2019-07-01T15:38:18 EEST">
          <reporter-output>
          </reporter-output>
        </test-method> <!-- tearDown -->
        <test-method status="PASS" signature="setUp(java.lang.reflect.Method, java.lang.String, java.lang.String, java.lang.String, java.lang.String, org.testng.ITestContext)[pri:0, instance:com.herokuapp.theinternet.loginpagetests.NegativeLogInTests@6cc4c815]" name="setUp" is-config="true" duration-ms="2960" started-at="2019-07-01T15:38:18 EEST" finished-at="2019-07-01T15:38:21 EEST">
          <params>
            <param index="0">
              <value>
                <![CDATA[public void com.herokuapp.theinternet.loginpagetests.NegativeLogInTests.negativeLogInTest(java.util.Map)]]>
              </value>
            </param>
            <param index="1">
              <value>
                <![CDATA[chrome]]>
              </value>
            </param>
            <param index="2">
              <value is-null="true"/>
            </param>
            <param index="3">
              <value is-null="true"/>
            </param>
            <param index="4">
              <value>
                <![CDATA[local]]>
              </value>
            </param>
            <param index="5">
              <value>
                <![CDATA[org.testng.TestRunner@13deb50e]]>
              </value>
            </param>
          </params>
          <reporter-output>
          </reporter-output>
        </test-method> <!-- setUp -->
        <test-method status="PASS" signature="negativeLogInTest(java.util.Map)[pri:1, instance:com.herokuapp.theinternet.loginpagetests.NegativeLogInTests@6cc4c815]" name="negativeLogInTest" duration-ms="6663" started-at="2019-07-01T15:38:21 EEST" data-provider="csvReader" finished-at="2019-07-01T15:38:27 EEST">
          <params>
            <param index="0">
              <value>
                <![CDATA[{no=3, description=incorrect username and password, password=incorrectPassword, expectedMessage=Your username is invalid!, username=incorrectUsername}]]>
              </value>
            </param>
          </params>
          <reporter-output>
          </reporter-output>
        </test-method> <!-- negativeLogInTest -->
        <test-method status="PASS" signature="tearDown()[pri:0, instance:com.herokuapp.theinternet.loginpagetests.NegativeLogInTests@6cc4c815]" name="tearDown" is-config="true" duration-ms="116" started-at="2019-07-01T15:38:27 EEST" finished-at="2019-07-01T15:38:28 EEST">
          <reporter-output>
          </reporter-output>
        </test-method> <!-- tearDown -->
        <test-method status="PASS" signature="setUp(java.lang.reflect.Method, java.lang.String, java.lang.String, java.lang.String, java.lang.String, org.testng.ITestContext)[pri:0, instance:com.herokuapp.theinternet.loginpagetests.NegativeLogInTests@6cc4c815]" name="setUp" is-config="true" duration-ms="2268" started-at="2019-07-01T15:38:28 EEST" finished-at="2019-07-01T15:38:30 EEST">
          <params>
            <param index="0">
              <value>
                <![CDATA[public void com.herokuapp.theinternet.loginpagetests.NegativeLogInTests.negativeLogInTest(java.util.Map)]]>
              </value>
            </param>
            <param index="1">
              <value>
                <![CDATA[chrome]]>
              </value>
            </param>
            <param index="2">
              <value is-null="true"/>
            </param>
            <param index="3">
              <value is-null="true"/>
            </param>
            <param index="4">
              <value>
                <![CDATA[local]]>
              </value>
            </param>
            <param index="5">
              <value>
                <![CDATA[org.testng.TestRunner@13deb50e]]>
              </value>
            </param>
          </params>
          <reporter-output>
          </reporter-output>
        </test-method> <!-- setUp -->
        <test-method status="PASS" signature="negativeLogInTest(java.util.Map)[pri:1, instance:com.herokuapp.theinternet.loginpagetests.NegativeLogInTests@6cc4c815]" name="negativeLogInTest" duration-ms="4081" started-at="2019-07-01T15:38:30 EEST" data-provider="csvReader" finished-at="2019-07-01T15:38:34 EEST">
          <params>
            <param index="0">
              <value>
                <![CDATA[{no=4, description=empty username, password=SuperSecretPassword!, expectedMessage=Your username is invalid!, username=}]]>
              </value>
            </param>
          </params>
          <reporter-output>
          </reporter-output>
        </test-method> <!-- negativeLogInTest -->
        <test-method status="PASS" signature="tearDown()[pri:0, instance:com.herokuapp.theinternet.loginpagetests.NegativeLogInTests@6cc4c815]" name="tearDown" is-config="true" duration-ms="288" started-at="2019-07-01T15:38:34 EEST" finished-at="2019-07-01T15:38:34 EEST">
          <reporter-output>
          </reporter-output>
        </test-method> <!-- tearDown -->
        <test-method status="PASS" signature="setUp(java.lang.reflect.Method, java.lang.String, java.lang.String, java.lang.String, java.lang.String, org.testng.ITestContext)[pri:0, instance:com.herokuapp.theinternet.loginpagetests.NegativeLogInTests@6cc4c815]" name="setUp" is-config="true" duration-ms="1826" started-at="2019-07-01T15:38:34 EEST" finished-at="2019-07-01T15:38:36 EEST">
          <params>
            <param index="0">
              <value>
                <![CDATA[public void com.herokuapp.theinternet.loginpagetests.NegativeLogInTests.negativeLogInTest(java.util.Map)]]>
              </value>
            </param>
            <param index="1">
              <value>
                <![CDATA[chrome]]>
              </value>
            </param>
            <param index="2">
              <value is-null="true"/>
            </param>
            <param index="3">
              <value is-null="true"/>
            </param>
            <param index="4">
              <value>
                <![CDATA[local]]>
              </value>
            </param>
            <param index="5">
              <value>
                <![CDATA[org.testng.TestRunner@13deb50e]]>
              </value>
            </param>
          </params>
          <reporter-output>
          </reporter-output>
        </test-method> <!-- setUp -->
        <test-method status="PASS" signature="negativeLogInTest(java.util.Map)[pri:1, instance:com.herokuapp.theinternet.loginpagetests.NegativeLogInTests@6cc4c815]" name="negativeLogInTest" duration-ms="5196" started-at="2019-07-01T15:38:36 EEST" data-provider="csvReader" finished-at="2019-07-01T15:38:41 EEST">
          <params>
            <param index="0">
              <value>
                <![CDATA[{no=5, description=empty password, password=, expectedMessage=Your password is invalid!, username=tomsmith}]]>
              </value>
            </param>
          </params>
          <reporter-output>
          </reporter-output>
        </test-method> <!-- negativeLogInTest -->
        <test-method status="PASS" signature="tearDown()[pri:0, instance:com.herokuapp.theinternet.loginpagetests.NegativeLogInTests@6cc4c815]" name="tearDown" is-config="true" duration-ms="181" started-at="2019-07-01T15:38:41 EEST" finished-at="2019-07-01T15:38:41 EEST">
          <reporter-output>
          </reporter-output>
        </test-method> <!-- tearDown -->
      </class> <!-- com.herokuapp.theinternet.loginpagetests.NegativeLogInTests -->
    </test> <!-- NegativeUsernameTest-CH -->
    <test name="KeyPressesTests" duration-ms="8685" started-at="2019-07-01T15:38:37 EEST" finished-at="2019-07-01T15:38:45 EEST">
      <class name="com.herokuapp.theinternet.keypressestests.KeyPressesTests">
        <test-method status="PASS" signature="setUp(java.lang.reflect.Method, java.lang.String, java.lang.String, java.lang.String, java.lang.String, org.testng.ITestContext)[pri:0, instance:com.herokuapp.theinternet.keypressestests.KeyPressesTests@475530b9]" name="setUp" is-config="true" duration-ms="1668" started-at="2019-07-01T15:38:37 EEST" finished-at="2019-07-01T15:38:38 EEST">
          <params>
            <param index="0">
              <value>
                <![CDATA[public void com.herokuapp.theinternet.keypressestests.KeyPressesTests.pressKeyTest()]]>
              </value>
            </param>
            <param index="1">
              <value>
                <![CDATA[chrome]]>
              </value>
            </param>
            <param index="2">
              <value is-null="true"/>
            </param>
            <param index="3">
              <value is-null="true"/>
            </param>
            <param index="4">
              <value>
                <![CDATA[local]]>
              </value>
            </param>
            <param index="5">
              <value>
                <![CDATA[org.testng.TestRunner@239963d8]]>
              </value>
            </param>
          </params>
          <reporter-output>
          </reporter-output>
        </test-method> <!-- setUp -->
        <test-method status="PASS" signature="pressKeyTest()[pri:0, instance:com.herokuapp.theinternet.keypressestests.KeyPressesTests@475530b9]" name="pressKeyTest" duration-ms="2112" started-at="2019-07-01T15:38:38 EEST" finished-at="2019-07-01T15:38:40 EEST">
          <reporter-output>
          </reporter-output>
        </test-method> <!-- pressKeyTest -->
        <test-method status="PASS" signature="tearDown()[pri:0, instance:com.herokuapp.theinternet.keypressestests.KeyPressesTests@475530b9]" name="tearDown" is-config="true" duration-ms="147" started-at="2019-07-01T15:38:40 EEST" finished-at="2019-07-01T15:38:41 EEST">
          <reporter-output>
          </reporter-output>
        </test-method> <!-- tearDown -->
        <test-method status="PASS" signature="setUp(java.lang.reflect.Method, java.lang.String, java.lang.String, java.lang.String, java.lang.String, org.testng.ITestContext)[pri:0, instance:com.herokuapp.theinternet.keypressestests.KeyPressesTests@475530b9]" name="setUp" is-config="true" duration-ms="2574" started-at="2019-07-01T15:38:41 EEST" finished-at="2019-07-01T15:38:43 EEST">
          <params>
            <param index="0">
              <value>
                <![CDATA[public void com.herokuapp.theinternet.keypressestests.KeyPressesTests.pressKeyWithActionsTest()]]>
              </value>
            </param>
            <param index="1">
              <value>
                <![CDATA[chrome]]>
              </value>
            </param>
            <param index="2">
              <value is-null="true"/>
            </param>
            <param index="3">
              <value is-null="true"/>
            </param>
            <param index="4">
              <value>
                <![CDATA[local]]>
              </value>
            </param>
            <param index="5">
              <value>
                <![CDATA[org.testng.TestRunner@239963d8]]>
              </value>
            </param>
          </params>
          <reporter-output>
          </reporter-output>
        </test-method> <!-- setUp -->
        <test-method status="PASS" signature="pressKeyWithActionsTest()[pri:0, instance:com.herokuapp.theinternet.keypressestests.KeyPressesTests@475530b9]" name="pressKeyWithActionsTest" duration-ms="2034" started-at="2019-07-01T15:38:43 EEST" finished-at="2019-07-01T15:38:45 EEST">
          <reporter-output>
          </reporter-output>
        </test-method> <!-- pressKeyWithActionsTest -->
        <test-method status="PASS" signature="tearDown()[pri:0, instance:com.herokuapp.theinternet.keypressestests.KeyPressesTests@475530b9]" name="tearDown" is-config="true" duration-ms="146" started-at="2019-07-01T15:38:45 EEST" finished-at="2019-07-01T15:38:45 EEST">
          <reporter-output>
          </reporter-output>
        </test-method> <!-- tearDown -->
      </class> <!-- com.herokuapp.theinternet.keypressestests.KeyPressesTests -->
    </test> <!-- KeyPressesTests -->
    <test name="DragAndDropTests-CH" duration-ms="5591" started-at="2019-07-01T15:38:41 EEST" finished-at="2019-07-01T15:38:47 EEST">
      <class name="com.herokuapp.theinternet.draganddroptests.DragAndDropTests">
        <test-method status="PASS" signature="setUp(java.lang.reflect.Method, java.lang.String, java.lang.String, java.lang.String, java.lang.String, org.testng.ITestContext)[pri:0, instance:com.herokuapp.theinternet.draganddroptests.DragAndDropTests@29774679]" name="setUp" is-config="true" duration-ms="2491" started-at="2019-07-01T15:38:41 EEST" finished-at="2019-07-01T15:38:44 EEST">
          <params>
            <param index="0">
              <value>
                <![CDATA[public void com.herokuapp.theinternet.draganddroptests.DragAndDropTests.dragAToBTest()]]>
              </value>
            </param>
            <param index="1">
              <value>
                <![CDATA[chrome]]>
              </value>
            </param>
            <param index="2">
              <value is-null="true"/>
            </param>
            <param index="3">
              <value is-null="true"/>
            </param>
            <param index="4">
              <value>
                <![CDATA[local]]>
              </value>
            </param>
            <param index="5">
              <value>
                <![CDATA[org.testng.TestRunner@3abbfa04]]>
              </value>
            </param>
          </params>
          <reporter-output>
          </reporter-output>
        </test-method> <!-- setUp -->
        <test-method status="PASS" signature="dragAToBTest()[pri:0, instance:com.herokuapp.theinternet.draganddroptests.DragAndDropTests@29774679]" name="dragAToBTest" duration-ms="2851" started-at="2019-07-01T15:38:44 EEST" finished-at="2019-07-01T15:38:47 EEST">
          <reporter-output>
          </reporter-output>
        </test-method> <!-- dragAToBTest -->
        <test-method status="PASS" signature="tearDown()[pri:0, instance:com.herokuapp.theinternet.draganddroptests.DragAndDropTests@29774679]" name="tearDown" is-config="true" duration-ms="249" started-at="2019-07-01T15:38:47 EEST" finished-at="2019-07-01T15:38:47 EEST">
          <reporter-output>
          </reporter-output>
        </test-method> <!-- tearDown -->
      </class> <!-- com.herokuapp.theinternet.draganddroptests.DragAndDropTests -->
    </test> <!-- DragAndDropTests-CH -->
    <test name="DragAndDropTests-FF" duration-ms="8050" started-at="2019-07-01T15:38:45 EEST" finished-at="2019-07-01T15:38:53 EEST">
      <class name="com.herokuapp.theinternet.draganddroptests.DragAndDropTests">
        <test-method status="PASS" signature="setUp(java.lang.reflect.Method, java.lang.String, java.lang.String, java.lang.String, java.lang.String, org.testng.ITestContext)[pri:0, instance:com.herokuapp.theinternet.draganddroptests.DragAndDropTests@ae45eb6]" name="setUp" is-config="true" duration-ms="5302" started-at="2019-07-01T15:38:45 EEST" finished-at="2019-07-01T15:38:51 EEST">
          <params>
            <param index="0">
              <value>
                <![CDATA[public void com.herokuapp.theinternet.draganddroptests.DragAndDropTests.dragAToBTest()]]>
              </value>
            </param>
            <param index="1">
              <value>
                <![CDATA[firefox]]>
              </value>
            </param>
            <param index="2">
              <value is-null="true"/>
            </param>
            <param index="3">
              <value is-null="true"/>
            </param>
            <param index="4">
              <value>
                <![CDATA[local]]>
              </value>
            </param>
            <param index="5">
              <value>
                <![CDATA[org.testng.TestRunner@57fffcd7]]>
              </value>
            </param>
          </params>
          <reporter-output>
          </reporter-output>
        </test-method> <!-- setUp -->
        <test-method status="PASS" signature="dragAToBTest()[pri:0, instance:com.herokuapp.theinternet.draganddroptests.DragAndDropTests@ae45eb6]" name="dragAToBTest" duration-ms="1619" started-at="2019-07-01T15:38:51 EEST" finished-at="2019-07-01T15:38:52 EEST">
          <reporter-output>
          </reporter-output>
        </test-method> <!-- dragAToBTest -->
        <test-method status="PASS" signature="tearDown()[pri:0, instance:com.herokuapp.theinternet.draganddroptests.DragAndDropTests@ae45eb6]" name="tearDown" is-config="true" duration-ms="1127" started-at="2019-07-01T15:38:52 EEST" finished-at="2019-07-01T15:38:53 EEST">
          <reporter-output>
          </reporter-output>
        </test-method> <!-- tearDown -->
      </class> <!-- com.herokuapp.theinternet.draganddroptests.DragAndDropTests -->
    </test> <!-- DragAndDropTests-FF -->
    <test name="UploadTests" duration-ms="16619" started-at="2019-07-01T15:38:40 EEST" finished-at="2019-07-01T15:38:56 EEST">
      <class name="com.herokuapp.theinternet.uploadtests.UploadTests">
        <test-method status="PASS" signature="setUp(java.lang.reflect.Method, java.lang.String, java.lang.String, java.lang.String, java.lang.String, org.testng.ITestContext)[pri:0, instance:com.herokuapp.theinternet.uploadtests.UploadTests@d8355a8]" name="setUp" is-config="true" duration-ms="2863" started-at="2019-07-01T15:38:40 EEST" finished-at="2019-07-01T15:38:42 EEST">
          <params>
            <param index="0">
              <value>
                <![CDATA[public void com.herokuapp.theinternet.uploadtests.UploadTests.fileUploadTest(int,java.lang.String)]]>
              </value>
            </param>
            <param index="1">
              <value>
                <![CDATA[chrome]]>
              </value>
            </param>
            <param index="2">
              <value is-null="true"/>
            </param>
            <param index="3">
              <value is-null="true"/>
            </param>
            <param index="4">
              <value>
                <![CDATA[local]]>
              </value>
            </param>
            <param index="5">
              <value>
                <![CDATA[org.testng.TestRunner@31ef45e3]]>
              </value>
            </param>
          </params>
          <reporter-output>
          </reporter-output>
        </test-method> <!-- setUp -->
        <test-method status="PASS" signature="fileUploadTest(int, java.lang.String)[pri:0, instance:com.herokuapp.theinternet.uploadtests.UploadTests@d8355a8]" name="fileUploadTest" duration-ms="3686" started-at="2019-07-01T15:38:42 EEST" data-provider="files" finished-at="2019-07-01T15:38:46 EEST">
          <params>
            <param index="0">
              <value>
                <![CDATA[1]]>
              </value>
            </param>
            <param index="1">
              <value>
                <![CDATA[index.html]]>
              </value>
            </param>
          </params>
          <reporter-output>
          </reporter-output>
        </test-method> <!-- fileUploadTest -->
        <test-method status="PASS" signature="tearDown()[pri:0, instance:com.herokuapp.theinternet.uploadtests.UploadTests@d8355a8]" name="tearDown" is-config="true" duration-ms="243" started-at="2019-07-01T15:38:46 EEST" finished-at="2019-07-01T15:38:46 EEST">
          <reporter-output>
          </reporter-output>
        </test-method> <!-- tearDown -->
        <test-method status="PASS" signature="setUp(java.lang.reflect.Method, java.lang.String, java.lang.String, java.lang.String, java.lang.String, org.testng.ITestContext)[pri:0, instance:com.herokuapp.theinternet.uploadtests.UploadTests@d8355a8]" name="setUp" is-config="true" duration-ms="2370" started-at="2019-07-01T15:38:46 EEST" finished-at="2019-07-01T15:38:49 EEST">
          <params>
            <param index="0">
              <value>
                <![CDATA[public void com.herokuapp.theinternet.uploadtests.UploadTests.fileUploadTest(int,java.lang.String)]]>
              </value>
            </param>
            <param index="1">
              <value>
                <![CDATA[chrome]]>
              </value>
            </param>
            <param index="2">
              <value is-null="true"/>
            </param>
            <param index="3">
              <value is-null="true"/>
            </param>
            <param index="4">
              <value>
                <![CDATA[local]]>
              </value>
            </param>
            <param index="5">
              <value>
                <![CDATA[org.testng.TestRunner@31ef45e3]]>
              </value>
            </param>
          </params>
          <reporter-output>
          </reporter-output>
        </test-method> <!-- setUp -->
        <test-method status="PASS" signature="fileUploadTest(int, java.lang.String)[pri:0, instance:com.herokuapp.theinternet.uploadtests.UploadTests@d8355a8]" name="fileUploadTest" duration-ms="2633" started-at="2019-07-01T15:38:49 EEST" data-provider="files" finished-at="2019-07-01T15:38:51 EEST">
          <params>
            <param index="0">
              <value>
                <![CDATA[2]]>
              </value>
            </param>
            <param index="1">
              <value>
                <![CDATA[logo.png]]>
              </value>
            </param>
          </params>
          <reporter-output>
          </reporter-output>
        </test-method> <!-- fileUploadTest -->
        <test-method status="PASS" signature="tearDown()[pri:0, instance:com.herokuapp.theinternet.uploadtests.UploadTests@d8355a8]" name="tearDown" is-config="true" duration-ms="110" started-at="2019-07-01T15:38:51 EEST" finished-at="2019-07-01T15:38:51 EEST">
          <reporter-output>
          </reporter-output>
        </test-method> <!-- tearDown -->
        <test-method status="PASS" signature="setUp(java.lang.reflect.Method, java.lang.String, java.lang.String, java.lang.String, java.lang.String, org.testng.ITestContext)[pri:0, instance:com.herokuapp.theinternet.uploadtests.UploadTests@d8355a8]" name="setUp" is-config="true" duration-ms="2290" started-at="2019-07-01T15:38:51 EEST" finished-at="2019-07-01T15:38:54 EEST">
          <params>
            <param index="0">
              <value>
                <![CDATA[public void com.herokuapp.theinternet.uploadtests.UploadTests.fileUploadTest(int,java.lang.String)]]>
              </value>
            </param>
            <param index="1">
              <value>
                <![CDATA[chrome]]>
              </value>
            </param>
            <param index="2">
              <value is-null="true"/>
            </param>
            <param index="3">
              <value is-null="true"/>
            </param>
            <param index="4">
              <value>
                <![CDATA[local]]>
              </value>
            </param>
            <param index="5">
              <value>
                <![CDATA[org.testng.TestRunner@31ef45e3]]>
              </value>
            </param>
          </params>
          <reporter-output>
          </reporter-output>
        </test-method> <!-- setUp -->
        <test-method status="PASS" signature="fileUploadTest(int, java.lang.String)[pri:0, instance:com.herokuapp.theinternet.uploadtests.UploadTests@d8355a8]" name="fileUploadTest" duration-ms="2266" started-at="2019-07-01T15:38:54 EEST" data-provider="files" finished-at="2019-07-01T15:38:56 EEST">
          <params>
            <param index="0">
              <value>
                <![CDATA[3]]>
              </value>
            </param>
            <param index="1">
              <value>
                <![CDATA[text.txt]]>
              </value>
            </param>
          </params>
          <reporter-output>
          </reporter-output>
        </test-method> <!-- fileUploadTest -->
        <test-method status="PASS" signature="tearDown()[pri:0, instance:com.herokuapp.theinternet.uploadtests.UploadTests@d8355a8]" name="tearDown" is-config="true" duration-ms="152" started-at="2019-07-01T15:38:56 EEST" finished-at="2019-07-01T15:38:56 EEST">
          <reporter-output>
          </reporter-output>
        </test-method> <!-- tearDown -->
      </class> <!-- com.herokuapp.theinternet.uploadtests.UploadTests -->
    </test> <!-- UploadTests -->
    <test name="NegativePasswordTest-FF" duration-ms="60421" started-at="2019-07-01T15:37:58 EEST" finished-at="2019-07-01T15:38:58 EEST">
      <class name="com.herokuapp.theinternet.loginpagetests.NegativeLogInTests">
        <test-method status="PASS" signature="setUp(java.lang.reflect.Method, java.lang.String, java.lang.String, java.lang.String, java.lang.String, org.testng.ITestContext)[pri:0, instance:com.herokuapp.theinternet.loginpagetests.NegativeLogInTests@6d00a15d]" name="setUp" is-config="true" duration-ms="8656" started-at="2019-07-01T15:37:58 EEST" finished-at="2019-07-01T15:38:07 EEST">
          <params>
            <param index="0">
              <value>
                <![CDATA[public void com.herokuapp.theinternet.loginpagetests.NegativeLogInTests.negativeLogInTest(java.util.Map)]]>
              </value>
            </param>
            <param index="1">
              <value>
                <![CDATA[firefox]]>
              </value>
            </param>
            <param index="2">
              <value is-null="true"/>
            </param>
            <param index="3">
              <value is-null="true"/>
            </param>
            <param index="4">
              <value>
                <![CDATA[local]]>
              </value>
            </param>
            <param index="5">
              <value>
                <![CDATA[org.testng.TestRunner@598067a5]]>
              </value>
            </param>
          </params>
          <reporter-output>
          </reporter-output>
        </test-method> <!-- setUp -->
        <test-method status="PASS" signature="negativeLogInTest(java.util.Map)[pri:1, instance:com.herokuapp.theinternet.loginpagetests.NegativeLogInTests@6d00a15d]" name="negativeLogInTest" duration-ms="5752" started-at="2019-07-01T15:38:07 EEST" data-provider="csvReader" finished-at="2019-07-01T15:38:12 EEST">
          <params>
            <param index="0">
              <value>
                <![CDATA[{no=1, description=incorrect username, password=SuperSecretPassword!, expectedMessage=Your username is invalid!, username=incorrectUsername}]]>
              </value>
            </param>
          </params>
          <reporter-output>
          </reporter-output>
        </test-method> <!-- negativeLogInTest -->
        <test-method status="PASS" signature="tearDown()[pri:0, instance:com.herokuapp.theinternet.loginpagetests.NegativeLogInTests@6d00a15d]" name="tearDown" is-config="true" duration-ms="1393" started-at="2019-07-01T15:38:12 EEST" finished-at="2019-07-01T15:38:14 EEST">
          <reporter-output>
          </reporter-output>
        </test-method> <!-- tearDown -->
        <test-method status="PASS" signature="setUp(java.lang.reflect.Method, java.lang.String, java.lang.String, java.lang.String, java.lang.String, org.testng.ITestContext)[pri:0, instance:com.herokuapp.theinternet.loginpagetests.NegativeLogInTests@6d00a15d]" name="setUp" is-config="true" duration-ms="6840" started-at="2019-07-01T15:38:14 EEST" finished-at="2019-07-01T15:38:21 EEST">
          <params>
            <param index="0">
              <value>
                <![CDATA[public void com.herokuapp.theinternet.loginpagetests.NegativeLogInTests.negativeLogInTest(java.util.Map)]]>
              </value>
            </param>
            <param index="1">
              <value>
                <![CDATA[firefox]]>
              </value>
            </param>
            <param index="2">
              <value is-null="true"/>
            </param>
            <param index="3">
              <value is-null="true"/>
            </param>
            <param index="4">
              <value>
                <![CDATA[local]]>
              </value>
            </param>
            <param index="5">
              <value>
                <![CDATA[org.testng.TestRunner@598067a5]]>
              </value>
            </param>
          </params>
          <reporter-output>
          </reporter-output>
        </test-method> <!-- setUp -->
        <test-method status="PASS" signature="negativeLogInTest(java.util.Map)[pri:1, instance:com.herokuapp.theinternet.loginpagetests.NegativeLogInTests@6d00a15d]" name="negativeLogInTest" duration-ms="5109" started-at="2019-07-01T15:38:21 EEST" data-provider="csvReader" finished-at="2019-07-01T15:38:26 EEST">
          <params>
            <param index="0">
              <value>
                <![CDATA[{no=2, description=incorrect password, password=incorrectPassword, expectedMessage=Your password is invalid!, username=tomsmith}]]>
              </value>
            </param>
          </params>
          <reporter-output>
          </reporter-output>
        </test-method> <!-- negativeLogInTest -->
        <test-method status="PASS" signature="tearDown()[pri:0, instance:com.herokuapp.theinternet.loginpagetests.NegativeLogInTests@6d00a15d]" name="tearDown" is-config="true" duration-ms="1499" started-at="2019-07-01T15:38:26 EEST" finished-at="2019-07-01T15:38:27 EEST">
          <reporter-output>
          </reporter-output>
        </test-method> <!-- tearDown -->
        <test-method status="PASS" signature="setUp(java.lang.reflect.Method, java.lang.String, java.lang.String, java.lang.String, java.lang.String, org.testng.ITestContext)[pri:0, instance:com.herokuapp.theinternet.loginpagetests.NegativeLogInTests@6d00a15d]" name="setUp" is-config="true" duration-ms="5457" started-at="2019-07-01T15:38:27 EEST" finished-at="2019-07-01T15:38:33 EEST">
          <params>
            <param index="0">
              <value>
                <![CDATA[public void com.herokuapp.theinternet.loginpagetests.NegativeLogInTests.negativeLogInTest(java.util.Map)]]>
              </value>
            </param>
            <param index="1">
              <value>
                <![CDATA[firefox]]>
              </value>
            </param>
            <param index="2">
              <value is-null="true"/>
            </param>
            <param index="3">
              <value is-null="true"/>
            </param>
            <param index="4">
              <value>
                <![CDATA[local]]>
              </value>
            </param>
            <param index="5">
              <value>
                <![CDATA[org.testng.TestRunner@598067a5]]>
              </value>
            </param>
          </params>
          <reporter-output>
          </reporter-output>
        </test-method> <!-- setUp -->
        <test-method status="PASS" signature="negativeLogInTest(java.util.Map)[pri:1, instance:com.herokuapp.theinternet.loginpagetests.NegativeLogInTests@6d00a15d]" name="negativeLogInTest" duration-ms="3611" started-at="2019-07-01T15:38:33 EEST" data-provider="csvReader" finished-at="2019-07-01T15:38:36 EEST">
          <params>
            <param index="0">
              <value>
                <![CDATA[{no=3, description=incorrect username and password, password=incorrectPassword, expectedMessage=Your username is invalid!, username=incorrectUsername}]]>
              </value>
            </param>
          </params>
          <reporter-output>
          </reporter-output>
        </test-method> <!-- negativeLogInTest -->
        <test-method status="PASS" signature="tearDown()[pri:0, instance:com.herokuapp.theinternet.loginpagetests.NegativeLogInTests@6d00a15d]" name="tearDown" is-config="true" duration-ms="1166" started-at="2019-07-01T15:38:36 EEST" finished-at="2019-07-01T15:38:38 EEST">
          <reporter-output>
          </reporter-output>
        </test-method> <!-- tearDown -->
        <test-method status="PASS" signature="setUp(java.lang.reflect.Method, java.lang.String, java.lang.String, java.lang.String, java.lang.String, org.testng.ITestContext)[pri:0, instance:com.herokuapp.theinternet.loginpagetests.NegativeLogInTests@6d00a15d]" name="setUp" is-config="true" duration-ms="6857" started-at="2019-07-01T15:38:38 EEST" finished-at="2019-07-01T15:38:44 EEST">
          <params>
            <param index="0">
              <value>
                <![CDATA[public void com.herokuapp.theinternet.loginpagetests.NegativeLogInTests.negativeLogInTest(java.util.Map)]]>
              </value>
            </param>
            <param index="1">
              <value>
                <![CDATA[firefox]]>
              </value>
            </param>
            <param index="2">
              <value is-null="true"/>
            </param>
            <param index="3">
              <value is-null="true"/>
            </param>
            <param index="4">
              <value>
                <![CDATA[local]]>
              </value>
            </param>
            <param index="5">
              <value>
                <![CDATA[org.testng.TestRunner@598067a5]]>
              </value>
            </param>
          </params>
          <reporter-output>
          </reporter-output>
        </test-method> <!-- setUp -->
        <test-method status="PASS" signature="negativeLogInTest(java.util.Map)[pri:1, instance:com.herokuapp.theinternet.loginpagetests.NegativeLogInTests@6d00a15d]" name="negativeLogInTest" duration-ms="3998" started-at="2019-07-01T15:38:44 EEST" data-provider="csvReader" finished-at="2019-07-01T15:38:48 EEST">
          <params>
            <param index="0">
              <value>
                <![CDATA[{no=4, description=empty username, password=SuperSecretPassword!, expectedMessage=Your username is invalid!, username=}]]>
              </value>
            </param>
          </params>
          <reporter-output>
          </reporter-output>
        </test-method> <!-- negativeLogInTest -->
        <test-method status="PASS" signature="tearDown()[pri:0, instance:com.herokuapp.theinternet.loginpagetests.NegativeLogInTests@6d00a15d]" name="tearDown" is-config="true" duration-ms="1024" started-at="2019-07-01T15:38:48 EEST" finished-at="2019-07-01T15:38:49 EEST">
          <reporter-output>
          </reporter-output>
        </test-method> <!-- tearDown -->
        <test-method status="PASS" signature="setUp(java.lang.reflect.Method, java.lang.String, java.lang.String, java.lang.String, java.lang.String, org.testng.ITestContext)[pri:0, instance:com.herokuapp.theinternet.loginpagetests.NegativeLogInTests@6d00a15d]" name="setUp" is-config="true" duration-ms="4326" started-at="2019-07-01T15:38:49 EEST" finished-at="2019-07-01T15:38:54 EEST">
          <params>
            <param index="0">
              <value>
                <![CDATA[public void com.herokuapp.theinternet.loginpagetests.NegativeLogInTests.negativeLogInTest(java.util.Map)]]>
              </value>
            </param>
            <param index="1">
              <value>
                <![CDATA[firefox]]>
              </value>
            </param>
            <param index="2">
              <value is-null="true"/>
            </param>
            <param index="3">
              <value is-null="true"/>
            </param>
            <param index="4">
              <value>
                <![CDATA[local]]>
              </value>
            </param>
            <param index="5">
              <value>
                <![CDATA[org.testng.TestRunner@598067a5]]>
              </value>
            </param>
          </params>
          <reporter-output>
          </reporter-output>
        </test-method> <!-- setUp -->
        <test-method status="PASS" signature="negativeLogInTest(java.util.Map)[pri:1, instance:com.herokuapp.theinternet.loginpagetests.NegativeLogInTests@6d00a15d]" name="negativeLogInTest" duration-ms="3217" started-at="2019-07-01T15:38:54 EEST" data-provider="csvReader" finished-at="2019-07-01T15:38:57 EEST">
          <params>
            <param index="0">
              <value>
                <![CDATA[{no=5, description=empty password, password=, expectedMessage=Your password is invalid!, username=tomsmith}]]>
              </value>
            </param>
          </params>
          <reporter-output>
          </reporter-output>
        </test-method> <!-- negativeLogInTest -->
        <test-method status="PASS" signature="tearDown()[pri:0, instance:com.herokuapp.theinternet.loginpagetests.NegativeLogInTests@6d00a15d]" name="tearDown" is-config="true" duration-ms="1071" started-at="2019-07-01T15:38:57 EEST" finished-at="2019-07-01T15:38:58 EEST">
          <reporter-output>
          </reporter-output>
        </test-method> <!-- tearDown -->
      </class> <!-- com.herokuapp.theinternet.loginpagetests.NegativeLogInTests -->
    </test> <!-- NegativePasswordTest-FF -->
  </suite> <!-- FullUITestSuite -->
</testng-results>
